0 0:                                ; A program to print numbers and their doubles
1
2 0:                                .Start   Test
3 0:  0                             Begin:      .Integer #0     ;Begin Printing Doubles
4 1:  20                            End:        .Integer #20    ;End of Doubles to Print
5 2:  10                            NewLine:    .Integer #10    ;Ascii for newline
6 3:  26 65 32 80 114 111 103 114   IntroMess:  .String "A Program To Print Doubles"
7 30:  12 32 68 111 117 98 108 101  DoubleMess: .String " Doubled is "
8
9 43:                               ;r0 will contain the NewLine character
10 43:                              ;r8 will contain the integer to double
11 43:                              ;r1 will contain the doubled integer
12 43:                              ;r9 will contain the last number to double
13
14 43:  8 0 8                       Test:   movmr Begin r8
15 46:  8 1 9                       movmr End r9
16 49:  8 2 0                       movmr NewLine r0
17
18 52:  55 3                        outs IntroMess
19 54:  45 0                        outcr r0
20
21 56:  6 8 1                       Do01:   movrr r8 r1
22 59:  13 8 1                      addrr r8 r1
23 62:  49 8                        printi r8
24 64:  55 30                       outs DoubleMess
25 66:  49 1                        printi r1
26 68:  45 0                        outcr r0
27 70:  34 8 9                      cmprr r8 r9
28 73:  12 1 8                      addir #1 r8
29 76:  57 56                       jmpne do01
30 78:  0                           wh01:   halt
31 79:                              .end

Symbol Table:
begin 0
do01 56
doublemess 30
end 1
intromess 3
newline 2
test 43
wh01 78

Number Assembly Errors: 0